0 info it worked if it ends with ok
1 verbose cli [ 'C:\\Program Files\\nodejs\\node.exe',
1 verbose cli   'C:\\Program Files\\nodejs\\node_modules\\npm\\bin\\npm-cli.js',
1 verbose cli   'start' ]
2 info using npm@3.10.10
3 info using node@v6.10.0
4 verbose run-script [ 'prestart', 'start', 'poststart' ]
5 info lifecycle kekapp@0.0.0~prestart: kekapp@0.0.0
6 silly lifecycle kekapp@0.0.0~prestart: no script for prestart, continuing
7 info lifecycle kekapp@0.0.0~start: kekapp@0.0.0
8 verbose lifecycle kekapp@0.0.0~start: unsafe-perm in lifecycle true
9 verbose lifecycle kekapp@0.0.0~start: PATH: C:\Program Files\nodejs\node_modules\npm\bin\node-gyp-bin;C:\Users\Alexandr-teamidea\projects\chat\node_modules\.bin;C:\Users\Alexandr-teamidea\bin;C:\Program Files\Git\mingw64\bin;C:\Program Files\Git\usr\local\bin;C:\Program Files\Git\usr\bin;C:\Program Files\Git\usr\bin;C:\Program Files\Git\mingw64\bin;C:\Program Files\Git\usr\bin;C:\Users\Alexandr-teamidea\bin;C:\ProgramData\Oracle\Java\javapath;C:\Program Files\Java\jdk1.8.0_60\bin;C:\Program Files\sqlplus;C:\Program Files (x86)\Lenovo\FusionEngine;C:\Program Files (x86)\Intel\iCLS Client;C:\Program Files\Intel\iCLS Client;C:\WINDOWS\system32;C:\WINDOWS;C:\WINDOWS\System32\Wbem;C:\WINDOWS\System32\WindowsPowerShell\v1.0;C:\Program Files (x86)\ATI Technologies\ATI.ACE\Core-Static;C:\Program Files\Intel\Intel(R) Management Engine Components\DAL;C:\Program Files\Intel\Intel(R) Management Engine Components\IPT;C:\Program Files (x86)\Intel\Intel(R) Management Engine Components\DAL;C:\Program Files (x86)\Intel\Intel(R) Management Engine Components\IPT;C:\Program Files (x86)\Common Files\lenovo\easyplussdk\bin;C:\Program Files\MySQL\MySQL Server 5.6\bin;C:\apache-maven-3.0.5\bin;C:\Program Files (x86)\MySQL\MySQL Utilities;C:\Program Files (x86)\MySQL\MySQL Utilities\Doctrine extensions for PHP\C;C:\Program Files\Git\M2_HOME\bin;C:\Program Files\ANT\bin;C:\Program Files (x86)\Windows Live\Shared;C:\Program Files\Git\cmd;C:\Program Files\nodejs;C:\Users\Alexandr-teamidea\AppData\Local\atom;C:\Program Files\Sublime Text 3;C:\Program Files (x86)\Skype\Phone;C:\Users\Alexandr-teamidea\AppData\Local\Microsoft\WindowsApps;C:\Users\Alexandr-teamidea\AppData\Roaming\npm;C:\Users\Alexandr-teamidea\AppData\Local\atom;C:\Users\Alexandr-teamidea\AppData\Local\atom\bin;C:\Program Files\Sublime Text 3;C:\Program Files\MongoDB\Server\3.4\bin;C:\Program Files\Git\usr\bin\vendor_perl;C:\Program Files\Git\usr\bin\core_perl
10 verbose lifecycle kekapp@0.0.0~start: CWD: C:\Users\Alexandr-teamidea\projects\chat
11 silly lifecycle kekapp@0.0.0~start: Args: [ '/d /s /c', 'node ./bin/www' ]
12 silly lifecycle kekapp@0.0.0~start: Returned: code: 1  signal: null
13 info lifecycle kekapp@0.0.0~start: Failed to exec start script
14 verbose stack Error: kekapp@0.0.0 start: `node ./bin/www`
14 verbose stack Exit status 1
14 verbose stack     at EventEmitter.<anonymous> (C:\Program Files\nodejs\node_modules\npm\lib\utils\lifecycle.js:255:16)
14 verbose stack     at emitTwo (events.js:106:13)
14 verbose stack     at EventEmitter.emit (events.js:191:7)
14 verbose stack     at ChildProcess.<anonymous> (C:\Program Files\nodejs\node_modules\npm\lib\utils\spawn.js:40:14)
14 verbose stack     at emitTwo (events.js:106:13)
14 verbose stack     at ChildProcess.emit (events.js:191:7)
14 verbose stack     at maybeClose (internal/child_process.js:877:16)
14 verbose stack     at Process.ChildProcess._handle.onexit (internal/child_process.js:226:5)
15 verbose pkgid kekapp@0.0.0
16 verbose cwd C:\Users\Alexandr-teamidea\projects\chat
17 error Windows_NT 10.0.14393
18 error argv "C:\\Program Files\\nodejs\\node.exe" "C:\\Program Files\\nodejs\\node_modules\\npm\\bin\\npm-cli.js" "start"
19 error node v6.10.0
20 error npm  v3.10.10
21 error code ELIFECYCLE
22 error kekapp@0.0.0 start: `node ./bin/www`
22 error Exit status 1
23 error Failed at the kekapp@0.0.0 start script 'node ./bin/www'.
23 error Make sure you have the latest version of node.js and npm installed.
23 error If you do, this is most likely a problem with the kekapp package,
23 error not with npm itself.
23 error Tell the author that this fails on your system:
23 error     node ./bin/www
23 error You can get information on how to open an issue for this project with:
23 error     npm bugs kekapp
23 error Or if that isn't available, you can get their info via:
23 error     npm owner ls kekapp
23 error There is likely additional logging output above.
24 verbose exit [ 1, true ]
